{"D:\\Assignment\\5th Sem\\Software Testing\\SE5102_Project\\SE5102-Project\\frontend\\src\\screens\\HomeScreen.js": {"path":"D:\\Assignment\\5th Sem\\Software Testing\\SE5102_Project\\SE5102-Project\\frontend\\src\\screens\\HomeScreen.js","statementMap":{"0":{"start":{"line":9,"column":44},"end":{"line":9,"column":56}},"1":{"start":{"line":10,"column":36},"end":{"line":10,"column":48}},"2":{"start":{"line":11,"column":19},"end":{"line":11,"column":46}},"3":{"start":{"line":12,"column":19},"end":{"line":12,"column":32}},"4":{"start":{"line":15,"column":22},"end":{"line":15,"column":63}},"5":{"start":{"line":15,"column":45},"end":{"line":15,"column":62}},"6":{"start":{"line":16,"column":39},"end":{"line":16,"column":50}},"7":{"start":{"line":18,"column":2},"end":{"line":20,"column":27}},"8":{"start":{"line":19,"column":4},"end":{"line":19,"column":37}},"9":{"start":{"line":22,"column":24},"end":{"line":25,"column":3}},"10":{"start":{"line":23,"column":4},"end":{"line":23,"column":23}},"11":{"start":{"line":24,"column":4},"end":{"line":24,"column":63}},"12":{"start":{"line":27,"column":22},"end":{"line":31,"column":3}},"13":{"start":{"line":28,"column":30},"end":{"line":28,"column":44}},"14":{"start":{"line":29,"column":4},"end":{"line":29,"column":36}},"15":{"start":{"line":30,"column":4},"end":{"line":30,"column":71}},"16":{"start":{"line":33,"column":2},"end":{"line":92,"column":4}},"17":{"start":{"line":44,"column":31},"end":{"line":44,"column":63}},"18":{"start":{"line":66,"column":12},"end":{"line":87,"column":17}}},"fnMap":{"0":{"name":"HomeScreen","decl":{"start":{"line":8,"column":9},"end":{"line":8,"column":19}},"loc":{"start":{"line":8,"column":27},"end":{"line":93,"column":1}},"line":8},"1":{"name":"(anonymous_1)","decl":{"start":{"line":15,"column":34},"end":{"line":15,"column":35}},"loc":{"start":{"line":15,"column":45},"end":{"line":15,"column":62}},"line":15},"2":{"name":"(anonymous_2)","decl":{"start":{"line":18,"column":12},"end":{"line":18,"column":13}},"loc":{"start":{"line":18,"column":18},"end":{"line":20,"column":3}},"line":18},"3":{"name":"(anonymous_3)","decl":{"start":{"line":22,"column":24},"end":{"line":22,"column":25}},"loc":{"start":{"line":22,"column":31},"end":{"line":25,"column":3}},"line":22},"4":{"name":"(anonymous_4)","decl":{"start":{"line":27,"column":22},"end":{"line":27,"column":23}},"loc":{"start":{"line":27,"column":29},"end":{"line":31,"column":3}},"line":27},"5":{"name":"(anonymous_5)","decl":{"start":{"line":44,"column":24},"end":{"line":44,"column":25}},"loc":{"start":{"line":44,"column":31},"end":{"line":44,"column":63}},"line":44},"6":{"name":"(anonymous_6)","decl":{"start":{"line":65,"column":24},"end":{"line":65,"column":25}},"loc":{"start":{"line":66,"column":12},"end":{"line":87,"column":17}},"line":66}},"branchMap":{"0":{"loc":{"start":{"line":11,"column":19},"end":{"line":11,"column":46}},"type":"binary-expr","locations":[{"start":{"line":11,"column":19},"end":{"line":11,"column":40}},{"start":{"line":11,"column":44},"end":{"line":11,"column":46}}],"line":11},"1":{"loc":{"start":{"line":35,"column":7},"end":{"line":35,"column":38}},"type":"binary-expr","locations":[{"start":{"line":35,"column":7},"end":{"line":35,"column":15}},{"start":{"line":35,"column":19},"end":{"line":35,"column":38}}],"line":35},"2":{"loc":{"start":{"line":59,"column":7},"end":{"line":90,"column":7}},"type":"cond-expr","locations":[{"start":{"line":60,"column":8},"end":{"line":60,"column":29}},{"start":{"line":61,"column":10},"end":{"line":90,"column":7}}],"line":59},"3":{"loc":{"start":{"line":61,"column":10},"end":{"line":90,"column":7}},"type":"cond-expr","locations":[{"start":{"line":62,"column":8},"end":{"line":62,"column":26}},{"start":{"line":64,"column":8},"end":{"line":89,"column":13}}],"line":61}},"s":{"0":7,"1":7,"2":7,"3":7,"4":7,"5":7,"6":7,"7":7,"8":5,"9":7,"10":1,"11":1,"12":7,"13":1,"14":1,"15":1,"16":7,"17":1,"18":0},"f":{"0":7,"1":7,"2":5,"3":1,"4":1,"5":1,"6":0},"b":{"0":[7,7],"1":[7,0],"2":[1,6],"3":[1,5]},"_coverageSchema":"43e27e138ebf9cfc5966b082cf9a028302ed4184","hash":"7bc5b40084c9d445f24f50745a1dfd897d286152"}
,"D:\\Assignment\\5th Sem\\Software Testing\\SE5102_Project\\SE5102-Project\\frontend\\src\\screens\\OrderScreen.js": {"path":"D:\\Assignment\\5th Sem\\Software Testing\\SE5102_Project\\SE5102-Project\\frontend\\src\\screens\\OrderScreen.js","statementMap":{"0":{"start":{"line":3,"column":20},"end":{"line":44,"column":1}},"1":{"start":{"line":4,"column":28},"end":{"line":4,"column":42}},"2":{"start":{"line":5,"column":28},"end":{"line":5,"column":40}},"3":{"start":{"line":6,"column":32},"end":{"line":6,"column":46}},"4":{"start":{"line":8,"column":21},"end":{"line":21,"column":3}},"5":{"start":{"line":9,"column":4},"end":{"line":20,"column":5}},"6":{"start":{"line":10,"column":23},"end":{"line":10,"column":68}},"7":{"start":{"line":11,"column":6},"end":{"line":13,"column":7}},"8":{"start":{"line":12,"column":8},"end":{"line":12,"column":49}},"9":{"start":{"line":14,"column":19},"end":{"line":14,"column":40}},"10":{"start":{"line":15,"column":6},"end":{"line":15,"column":21}},"11":{"start":{"line":17,"column":6},"end":{"line":17,"column":28}},"12":{"start":{"line":19,"column":6},"end":{"line":19,"column":24}},"13":{"start":{"line":23,"column":2},"end":{"line":25,"column":24}},"14":{"start":{"line":24,"column":4},"end":{"line":24,"column":17}},"15":{"start":{"line":27,"column":31},"end":{"line":29,"column":3}},"16":{"start":{"line":28,"column":4},"end":{"line":28,"column":29}},"17":{"start":{"line":31,"column":2},"end":{"line":31,"column":44}},"18":{"start":{"line":31,"column":15},"end":{"line":31,"column":44}},"19":{"start":{"line":32,"column":2},"end":{"line":32,"column":46}},"20":{"start":{"line":32,"column":13},"end":{"line":32,"column":46}},"21":{"start":{"line":33,"column":2},"end":{"line":33,"column":26}},"22":{"start":{"line":33,"column":14},"end":{"line":33,"column":26}},"23":{"start":{"line":35,"column":2},"end":{"line":43,"column":4}}},"fnMap":{"0":{"name":"(anonymous_0)","decl":{"start":{"line":3,"column":20},"end":{"line":3,"column":21}},"loc":{"start":{"line":3,"column":44},"end":{"line":44,"column":1}},"line":3},"1":{"name":"(anonymous_1)","decl":{"start":{"line":8,"column":21},"end":{"line":8,"column":22}},"loc":{"start":{"line":8,"column":33},"end":{"line":21,"column":3}},"line":8},"2":{"name":"(anonymous_2)","decl":{"start":{"line":23,"column":12},"end":{"line":23,"column":13}},"loc":{"start":{"line":23,"column":18},"end":{"line":25,"column":3}},"line":23},"3":{"name":"(anonymous_3)","decl":{"start":{"line":27,"column":31},"end":{"line":27,"column":32}},"loc":{"start":{"line":27,"column":37},"end":{"line":29,"column":3}},"line":27}},"branchMap":{"0":{"loc":{"start":{"line":11,"column":6},"end":{"line":13,"column":7}},"type":"if","locations":[{"start":{"line":11,"column":6},"end":{"line":13,"column":7}},{"start":{"line":11,"column":6},"end":{"line":13,"column":7}}],"line":11},"1":{"loc":{"start":{"line":31,"column":2},"end":{"line":31,"column":44}},"type":"if","locations":[{"start":{"line":31,"column":2},"end":{"line":31,"column":44}},{"start":{"line":31,"column":2},"end":{"line":31,"column":44}}],"line":31},"2":{"loc":{"start":{"line":32,"column":2},"end":{"line":32,"column":46}},"type":"if","locations":[{"start":{"line":32,"column":2},"end":{"line":32,"column":46}},{"start":{"line":32,"column":2},"end":{"line":32,"column":46}}],"line":32},"3":{"loc":{"start":{"line":33,"column":2},"end":{"line":33,"column":26}},"type":"if","locations":[{"start":{"line":33,"column":2},"end":{"line":33,"column":26}},{"start":{"line":33,"column":2},"end":{"line":33,"column":26}}],"line":33}},"s":{"0":1,"1":9,"2":9,"3":9,"4":9,"5":3,"6":3,"7":3,"8":1,"9":2,"10":2,"11":1,"12":3,"13":9,"14":3,"15":9,"16":1,"17":9,"18":6,"19":3,"20":1,"21":2,"22":0,"23":2},"f":{"0":9,"1":3,"2":3,"3":1},"b":{"0":[1,2],"1":[6,3],"2":[1,2],"3":[0,2]},"_coverageSchema":"43e27e138ebf9cfc5966b082cf9a028302ed4184","hash":"14985ac99172ac2cb1e11d5485d91402ed8c6d3b"}
,"D:\\Assignment\\5th Sem\\Software Testing\\SE5102_Project\\SE5102-Project\\frontend\\src\\screens\\ProfileScreen.js": {"path":"D:\\Assignment\\5th Sem\\Software Testing\\SE5102_Project\\SE5102-Project\\frontend\\src\\screens\\ProfileScreen.js","statementMap":{"0":{"start":{"line":3,"column":22},"end":{"line":33,"column":1}},"1":{"start":{"line":4,"column":26},"end":{"line":4,"column":45}},"2":{"start":{"line":5,"column":28},"end":{"line":5,"column":48}},"3":{"start":{"line":6,"column":34},"end":{"line":6,"column":46}},"4":{"start":{"line":8,"column":23},"end":{"line":13,"column":3}},"5":{"start":{"line":10,"column":4},"end":{"line":10,"column":55}},"6":{"start":{"line":12,"column":4},"end":{"line":12,"column":20}},"7":{"start":{"line":15,"column":2},"end":{"line":32,"column":4}},"8":{"start":{"line":20,"column":57},"end":{"line":20,"column":80}},"9":{"start":{"line":24,"column":59},"end":{"line":24,"column":83}},"10":{"start":{"line":28,"column":65},"end":{"line":28,"column":92}}},"fnMap":{"0":{"name":"(anonymous_0)","decl":{"start":{"line":3,"column":22},"end":{"line":3,"column":23}},"loc":{"start":{"line":3,"column":36},"end":{"line":33,"column":1}},"line":3},"1":{"name":"(anonymous_1)","decl":{"start":{"line":8,"column":23},"end":{"line":8,"column":24}},"loc":{"start":{"line":8,"column":29},"end":{"line":13,"column":3}},"line":8},"2":{"name":"(anonymous_2)","decl":{"start":{"line":20,"column":50},"end":{"line":20,"column":51}},"loc":{"start":{"line":20,"column":57},"end":{"line":20,"column":80}},"line":20},"3":{"name":"(anonymous_3)","decl":{"start":{"line":24,"column":52},"end":{"line":24,"column":53}},"loc":{"start":{"line":24,"column":59},"end":{"line":24,"column":83}},"line":24},"4":{"name":"(anonymous_4)","decl":{"start":{"line":28,"column":58},"end":{"line":28,"column":59}},"loc":{"start":{"line":28,"column":65},"end":{"line":28,"column":92}},"line":28}},"branchMap":{},"s":{"0":1,"1":6,"2":6,"3":6,"4":6,"5":1,"6":1,"7":6,"8":1,"9":1,"10":1},"f":{"0":6,"1":1,"2":1,"3":1,"4":1},"b":{},"_coverageSchema":"43e27e138ebf9cfc5966b082cf9a028302ed4184","hash":"170cdd2f18bbff3232cff1e3449d7bf512109489"}
,"D:\\Assignment\\5th Sem\\Software Testing\\SE5102_Project\\SE5102-Project\\frontend\\src\\screens\\RegisterScreen.js": {"path":"D:\\Assignment\\5th Sem\\Software Testing\\SE5102_Project\\SE5102-Project\\frontend\\src\\screens\\RegisterScreen.js","statementMap":{"0":{"start":{"line":3,"column":17},"end":{"line":57,"column":1}},"1":{"start":{"line":4,"column":26},"end":{"line":4,"column":38}},"2":{"start":{"line":5,"column":28},"end":{"line":5,"column":40}},"3":{"start":{"line":6,"column":34},"end":{"line":6,"column":46}},"4":{"start":{"line":8,"column":23},"end":{"line":15,"column":3}},"5":{"start":{"line":9,"column":4},"end":{"line":9,"column":23}},"6":{"start":{"line":10,"column":4},"end":{"line":10,"column":63}},"7":{"start":{"line":12,"column":4},"end":{"line":12,"column":16}},"8":{"start":{"line":13,"column":4},"end":{"line":13,"column":17}},"9":{"start":{"line":14,"column":4},"end":{"line":14,"column":20}},"10":{"start":{"line":18,"column":27},"end":{"line":18,"column":55}},"11":{"start":{"line":20,"column":2},"end":{"line":56,"column":4}},"12":{"start":{"line":28,"column":27},"end":{"line":28,"column":50}},"13":{"start":{"line":38,"column":27},"end":{"line":38,"column":51}},"14":{"start":{"line":48,"column":27},"end":{"line":48,"column":54}}},"fnMap":{"0":{"name":"(anonymous_0)","decl":{"start":{"line":3,"column":17},"end":{"line":3,"column":18}},"loc":{"start":{"line":3,"column":23},"end":{"line":57,"column":1}},"line":3},"1":{"name":"(anonymous_1)","decl":{"start":{"line":8,"column":23},"end":{"line":8,"column":24}},"loc":{"start":{"line":8,"column":30},"end":{"line":15,"column":3}},"line":8},"2":{"name":"(anonymous_2)","decl":{"start":{"line":28,"column":20},"end":{"line":28,"column":21}},"loc":{"start":{"line":28,"column":27},"end":{"line":28,"column":50}},"line":28},"3":{"name":"(anonymous_3)","decl":{"start":{"line":38,"column":20},"end":{"line":38,"column":21}},"loc":{"start":{"line":38,"column":27},"end":{"line":38,"column":51}},"line":38},"4":{"name":"(anonymous_4)","decl":{"start":{"line":48,"column":20},"end":{"line":48,"column":21}},"loc":{"start":{"line":48,"column":27},"end":{"line":48,"column":54}},"line":48}},"branchMap":{"0":{"loc":{"start":{"line":18,"column":27},"end":{"line":18,"column":55}},"type":"binary-expr","locations":[{"start":{"line":18,"column":27},"end":{"line":18,"column":32}},{"start":{"line":18,"column":36},"end":{"line":18,"column":42}},{"start":{"line":18,"column":46},"end":{"line":18,"column":55}}],"line":18}},"s":{"0":1,"1":20,"2":20,"3":20,"4":20,"5":2,"6":2,"7":2,"8":2,"9":2,"10":20,"11":20,"12":4,"13":4,"14":4},"f":{"0":20,"1":2,"2":4,"3":4,"4":4},"b":{"0":[20,12,8]},"_coverageSchema":"43e27e138ebf9cfc5966b082cf9a028302ed4184","hash":"eb9b2669379bab4fd99e6df703628ca70e3dce9e"}
,"D:\\Assignment\\5th Sem\\Software Testing\\SE5102_Project\\SE5102-Project\\frontend\\src\\screens\\ShippingScreen.js": {"path":"D:\\Assignment\\5th Sem\\Software Testing\\SE5102_Project\\SE5102-Project\\frontend\\src\\screens\\ShippingScreen.js","statementMap":{"0":{"start":{"line":6,"column":32},"end":{"line":6,"column":44}},"1":{"start":{"line":7,"column":26},"end":{"line":7,"column":38}},"2":{"start":{"line":8,"column":38},"end":{"line":8,"column":50}},"3":{"start":{"line":9,"column":32},"end":{"line":9,"column":44}},"4":{"start":{"line":10,"column":30},"end":{"line":10,"column":42}},"5":{"start":{"line":12,"column":18},"end":{"line":12,"column":30}},"6":{"start":{"line":14,"column":19},"end":{"line":21,"column":3}},"7":{"start":{"line":15,"column":22},"end":{"line":15,"column":24}},"8":{"start":{"line":16,"column":4},"end":{"line":16,"column":60}},"9":{"start":{"line":16,"column":18},"end":{"line":16,"column":60}},"10":{"start":{"line":17,"column":4},"end":{"line":17,"column":51}},"11":{"start":{"line":17,"column":15},"end":{"line":17,"column":51}},"12":{"start":{"line":18,"column":4},"end":{"line":18,"column":70}},"13":{"start":{"line":18,"column":21},"end":{"line":18,"column":70}},"14":{"start":{"line":19,"column":4},"end":{"line":19,"column":60}},"15":{"start":{"line":19,"column":18},"end":{"line":19,"column":60}},"16":{"start":{"line":20,"column":4},"end":{"line":20,"column":21}},"17":{"start":{"line":23,"column":24},"end":{"line":33,"column":3}},"18":{"start":{"line":24,"column":4},"end":{"line":24,"column":23}},"19":{"start":{"line":25,"column":29},"end":{"line":25,"column":39}},"20":{"start":{"line":26,"column":4},"end":{"line":29,"column":5}},"21":{"start":{"line":27,"column":6},"end":{"line":27,"column":34}},"22":{"start":{"line":28,"column":6},"end":{"line":28,"column":13}},"23":{"start":{"line":32,"column":4},"end":{"line":32,"column":29}},"24":{"start":{"line":35,"column":2},"end":{"line":91,"column":4}},"25":{"start":{"line":50,"column":33},"end":{"line":50,"column":59}},"26":{"start":{"line":60,"column":33},"end":{"line":60,"column":56}},"27":{"start":{"line":70,"column":33},"end":{"line":70,"column":62}},"28":{"start":{"line":80,"column":33},"end":{"line":80,"column":59}}},"fnMap":{"0":{"name":"ShippingScreen","decl":{"start":{"line":5,"column":9},"end":{"line":5,"column":23}},"loc":{"start":{"line":5,"column":26},"end":{"line":92,"column":1}},"line":5},"1":{"name":"(anonymous_1)","decl":{"start":{"line":14,"column":19},"end":{"line":14,"column":20}},"loc":{"start":{"line":14,"column":25},"end":{"line":21,"column":3}},"line":14},"2":{"name":"(anonymous_2)","decl":{"start":{"line":23,"column":24},"end":{"line":23,"column":25}},"loc":{"start":{"line":23,"column":31},"end":{"line":33,"column":3}},"line":23},"3":{"name":"(anonymous_3)","decl":{"start":{"line":50,"column":26},"end":{"line":50,"column":27}},"loc":{"start":{"line":50,"column":33},"end":{"line":50,"column":59}},"line":50},"4":{"name":"(anonymous_4)","decl":{"start":{"line":60,"column":26},"end":{"line":60,"column":27}},"loc":{"start":{"line":60,"column":33},"end":{"line":60,"column":56}},"line":60},"5":{"name":"(anonymous_5)","decl":{"start":{"line":70,"column":26},"end":{"line":70,"column":27}},"loc":{"start":{"line":70,"column":33},"end":{"line":70,"column":62}},"line":70},"6":{"name":"(anonymous_6)","decl":{"start":{"line":80,"column":26},"end":{"line":80,"column":27}},"loc":{"start":{"line":80,"column":33},"end":{"line":80,"column":59}},"line":80}},"branchMap":{"0":{"loc":{"start":{"line":16,"column":4},"end":{"line":16,"column":60}},"type":"if","locations":[{"start":{"line":16,"column":4},"end":{"line":16,"column":60}},{"start":{"line":16,"column":4},"end":{"line":16,"column":60}}],"line":16},"1":{"loc":{"start":{"line":17,"column":4},"end":{"line":17,"column":51}},"type":"if","locations":[{"start":{"line":17,"column":4},"end":{"line":17,"column":51}},{"start":{"line":17,"column":4},"end":{"line":17,"column":51}}],"line":17},"2":{"loc":{"start":{"line":18,"column":4},"end":{"line":18,"column":70}},"type":"if","locations":[{"start":{"line":18,"column":4},"end":{"line":18,"column":70}},{"start":{"line":18,"column":4},"end":{"line":18,"column":70}}],"line":18},"3":{"loc":{"start":{"line":19,"column":4},"end":{"line":19,"column":60}},"type":"if","locations":[{"start":{"line":19,"column":4},"end":{"line":19,"column":60}},{"start":{"line":19,"column":4},"end":{"line":19,"column":60}}],"line":19},"4":{"loc":{"start":{"line":26,"column":4},"end":{"line":29,"column":5}},"type":"if","locations":[{"start":{"line":26,"column":4},"end":{"line":29,"column":5}},{"start":{"line":26,"column":4},"end":{"line":29,"column":5}}],"line":26},"5":{"loc":{"start":{"line":52,"column":15},"end":{"line":52,"column":80}},"type":"binary-expr","locations":[{"start":{"line":52,"column":15},"end":{"line":52,"column":29}},{"start":{"line":52,"column":33},"end":{"line":52,"column":80}}],"line":52},"6":{"loc":{"start":{"line":62,"column":15},"end":{"line":62,"column":74}},"type":"binary-expr","locations":[{"start":{"line":62,"column":15},"end":{"line":62,"column":26}},{"start":{"line":62,"column":30},"end":{"line":62,"column":74}}],"line":62},"7":{"loc":{"start":{"line":72,"column":15},"end":{"line":72,"column":86}},"type":"binary-expr","locations":[{"start":{"line":72,"column":15},"end":{"line":72,"column":32}},{"start":{"line":72,"column":36},"end":{"line":72,"column":86}}],"line":72},"8":{"loc":{"start":{"line":82,"column":15},"end":{"line":82,"column":80}},"type":"binary-expr","locations":[{"start":{"line":82,"column":15},"end":{"line":82,"column":29}},{"start":{"line":82,"column":33},"end":{"line":82,"column":80}}],"line":82}},"s":{"0":8,"1":8,"2":8,"3":8,"4":8,"5":8,"6":8,"7":2,"8":2,"9":1,"10":2,"11":1,"12":2,"13":1,"14":2,"15":1,"16":2,"17":8,"18":2,"19":2,"20":2,"21":1,"22":1,"23":1,"24":8,"25":1,"26":1,"27":1,"28":1},"f":{"0":8,"1":2,"2":2,"3":1,"4":1,"5":1,"6":1},"b":{"0":[1,1],"1":[1,1],"2":[1,1],"3":[1,1],"4":[1,1],"5":[8,1],"6":[8,1],"7":[8,1],"8":[8,1]},"_coverageSchema":"43e27e138ebf9cfc5966b082cf9a028302ed4184","hash":"008f0350362f9770d4c47cb40c5af6256feab41d"}
,"D:\\Assignment\\5th Sem\\Software Testing\\SE5102_Project\\SE5102-Project\\frontend\\src\\screens\\SigninScreen.js": {"path":"D:\\Assignment\\5th Sem\\Software Testing\\SE5102_Project\\SE5102-Project\\frontend\\src\\screens\\SigninScreen.js","statementMap":{"0":{"start":{"line":3,"column":21},"end":{"line":60,"column":1}},"1":{"start":{"line":4,"column":30},"end":{"line":4,"column":42}},"2":{"start":{"line":5,"column":36},"end":{"line":5,"column":48}},"3":{"start":{"line":6,"column":30},"end":{"line":6,"column":42}},"4":{"start":{"line":7,"column":34},"end":{"line":7,"column":49}},"5":{"start":{"line":9,"column":25},"end":{"line":24,"column":5}},"6":{"start":{"line":10,"column":8},"end":{"line":10,"column":27}},"7":{"start":{"line":11,"column":8},"end":{"line":11,"column":25}},"8":{"start":{"line":12,"column":8},"end":{"line":12,"column":21}},"9":{"start":{"line":15,"column":8},"end":{"line":23,"column":15}},"10":{"start":{"line":17,"column":16},"end":{"line":17,"column":34}},"11":{"start":{"line":21,"column":16},"end":{"line":21,"column":34}},"12":{"start":{"line":22,"column":16},"end":{"line":22,"column":38}},"13":{"start":{"line":26,"column":4},"end":{"line":59,"column":6}},"14":{"start":{"line":36,"column":41},"end":{"line":36,"column":65}},"15":{"start":{"line":46,"column":41},"end":{"line":46,"column":68}}},"fnMap":{"0":{"name":"(anonymous_0)","decl":{"start":{"line":3,"column":21},"end":{"line":3,"column":22}},"loc":{"start":{"line":3,"column":39},"end":{"line":60,"column":1}},"line":3},"1":{"name":"(anonymous_1)","decl":{"start":{"line":9,"column":25},"end":{"line":9,"column":26}},"loc":{"start":{"line":9,"column":32},"end":{"line":24,"column":5}},"line":9},"2":{"name":"(anonymous_2)","decl":{"start":{"line":16,"column":18},"end":{"line":16,"column":19}},"loc":{"start":{"line":16,"column":24},"end":{"line":19,"column":13}},"line":16},"3":{"name":"(anonymous_3)","decl":{"start":{"line":20,"column":19},"end":{"line":20,"column":20}},"loc":{"start":{"line":20,"column":28},"end":{"line":23,"column":13}},"line":20},"4":{"name":"(anonymous_4)","decl":{"start":{"line":36,"column":34},"end":{"line":36,"column":35}},"loc":{"start":{"line":36,"column":41},"end":{"line":36,"column":65}},"line":36},"5":{"name":"(anonymous_5)","decl":{"start":{"line":46,"column":34},"end":{"line":46,"column":35}},"loc":{"start":{"line":46,"column":41},"end":{"line":46,"column":68}},"line":46}},"branchMap":{"0":{"loc":{"start":{"line":51,"column":21},"end":{"line":51,"column":55}},"type":"cond-expr","locations":[{"start":{"line":51,"column":31},"end":{"line":51,"column":43}},{"start":{"line":51,"column":46},"end":{"line":51,"column":55}}],"line":51},"1":{"loc":{"start":{"line":53,"column":17},"end":{"line":53,"column":65}},"type":"binary-expr","locations":[{"start":{"line":53,"column":17},"end":{"line":53,"column":22}},{"start":{"line":53,"column":26},"end":{"line":53,"column":65}}],"line":53}},"s":{"0":1,"1":5,"2":5,"3":5,"4":5,"5":5,"6":0,"7":0,"8":0,"9":0,"10":0,"11":0,"12":0,"13":5,"14":1,"15":1},"f":{"0":5,"1":0,"2":0,"3":0,"4":1,"5":1},"b":{"0":[0,5],"1":[5,0]},"_coverageSchema":"43e27e138ebf9cfc5966b082cf9a028302ed4184","hash":"a55f21e3a5235c2255b6ef3c5bfe7f71f0ed743a"}
}
