TN:
SF:D:\Assignment\5th Sem\Software Testing\SE5102_Project\SE5102-Project\frontend\src\screens\HomeScreen.js
FN:8,HomeScreen
FN:15,(anonymous_1)
FN:18,(anonymous_2)
FN:22,(anonymous_3)
FN:27,(anonymous_4)
FN:44,(anonymous_5)
FN:65,(anonymous_6)
FNF:7
FNH:6
FNDA:7,HomeScreen
FNDA:7,(anonymous_1)
FNDA:5,(anonymous_2)
FNDA:1,(anonymous_3)
FNDA:1,(anonymous_4)
FNDA:1,(anonymous_5)
FNDA:0,(anonymous_6)
DA:9,7
DA:10,7
DA:11,7
DA:12,7
DA:15,7
DA:16,7
DA:18,7
DA:19,5
DA:22,7
DA:23,1
DA:24,1
DA:27,7
DA:28,1
DA:29,1
DA:30,1
DA:33,7
DA:44,1
DA:66,0
LF:18
LH:17
BRDA:11,0,0,7
BRDA:11,0,1,7
BRDA:35,1,0,7
BRDA:35,1,1,0
BRDA:59,2,0,1
BRDA:59,2,1,6
BRDA:61,3,0,1
BRDA:61,3,1,5
BRF:8
BRH:7
end_of_record
TN:
SF:D:\Assignment\5th Sem\Software Testing\SE5102_Project\SE5102-Project\frontend\src\screens\OrderScreen.js
FN:3,(anonymous_0)
FN:8,(anonymous_1)
FN:23,(anonymous_2)
FN:27,(anonymous_3)
FNF:4
FNH:4
FNDA:9,(anonymous_0)
FNDA:3,(anonymous_1)
FNDA:3,(anonymous_2)
FNDA:1,(anonymous_3)
DA:3,1
DA:4,9
DA:5,9
DA:6,9
DA:8,9
DA:9,3
DA:10,3
DA:11,3
DA:12,1
DA:14,2
DA:15,2
DA:17,1
DA:19,3
DA:23,9
DA:24,3
DA:27,9
DA:28,1
DA:31,9
DA:32,3
DA:33,2
DA:35,2
LF:21
LH:21
BRDA:11,0,0,1
BRDA:11,0,1,2
BRDA:31,1,0,6
BRDA:31,1,1,3
BRDA:32,2,0,1
BRDA:32,2,1,2
BRDA:33,3,0,0
BRDA:33,3,1,2
BRF:8
BRH:7
end_of_record
TN:
SF:D:\Assignment\5th Sem\Software Testing\SE5102_Project\SE5102-Project\frontend\src\screens\ProfileScreen.js
FN:3,(anonymous_0)
FN:8,(anonymous_1)
FN:20,(anonymous_2)
FN:24,(anonymous_3)
FN:28,(anonymous_4)
FNF:5
FNH:5
FNDA:6,(anonymous_0)
FNDA:1,(anonymous_1)
FNDA:1,(anonymous_2)
FNDA:1,(anonymous_3)
FNDA:1,(anonymous_4)
DA:3,1
DA:4,6
DA:5,6
DA:6,6
DA:8,6
DA:10,1
DA:12,1
DA:15,6
DA:20,1
DA:24,1
DA:28,1
LF:11
LH:11
BRF:0
BRH:0
end_of_record
TN:
SF:D:\Assignment\5th Sem\Software Testing\SE5102_Project\SE5102-Project\frontend\src\screens\RegisterScreen.js
FN:3,(anonymous_0)
FN:8,(anonymous_1)
FN:28,(anonymous_2)
FN:38,(anonymous_3)
FN:48,(anonymous_4)
FNF:5
FNH:5
FNDA:20,(anonymous_0)
FNDA:2,(anonymous_1)
FNDA:4,(anonymous_2)
FNDA:4,(anonymous_3)
FNDA:4,(anonymous_4)
DA:3,1
DA:4,20
DA:5,20
DA:6,20
DA:8,20
DA:9,2
DA:10,2
DA:12,2
DA:13,2
DA:14,2
DA:18,20
DA:20,20
DA:28,4
DA:38,4
DA:48,4
LF:15
LH:15
BRDA:18,0,0,20
BRDA:18,0,1,12
BRDA:18,0,2,8
BRF:3
BRH:3
end_of_record
TN:
SF:D:\Assignment\5th Sem\Software Testing\SE5102_Project\SE5102-Project\frontend\src\screens\ShippingScreen.js
FN:5,ShippingScreen
FN:14,(anonymous_1)
FN:23,(anonymous_2)
FN:50,(anonymous_3)
FN:60,(anonymous_4)
FN:70,(anonymous_5)
FN:80,(anonymous_6)
FNF:7
FNH:7
FNDA:8,ShippingScreen
FNDA:2,(anonymous_1)
FNDA:2,(anonymous_2)
FNDA:1,(anonymous_3)
FNDA:1,(anonymous_4)
FNDA:1,(anonymous_5)
FNDA:1,(anonymous_6)
DA:6,8
DA:7,8
DA:8,8
DA:9,8
DA:10,8
DA:12,8
DA:14,8
DA:15,2
DA:16,2
DA:17,2
DA:18,2
DA:19,2
DA:20,2
DA:23,8
DA:24,2
DA:25,2
DA:26,2
DA:27,1
DA:28,1
DA:32,1
DA:35,8
DA:50,1
DA:60,1
DA:70,1
DA:80,1
LF:25
LH:25
BRDA:16,0,0,1
BRDA:16,0,1,1
BRDA:17,1,0,1
BRDA:17,1,1,1
BRDA:18,2,0,1
BRDA:18,2,1,1
BRDA:19,3,0,1
BRDA:19,3,1,1
BRDA:26,4,0,1
BRDA:26,4,1,1
BRDA:52,5,0,8
BRDA:52,5,1,1
BRDA:62,6,0,8
BRDA:62,6,1,1
BRDA:72,7,0,8
BRDA:72,7,1,1
BRDA:82,8,0,8
BRDA:82,8,1,1
BRF:18
BRH:18
end_of_record
TN:
SF:D:\Assignment\5th Sem\Software Testing\SE5102_Project\SE5102-Project\frontend\src\screens\SigninScreen.js
FN:3,(anonymous_0)
FN:9,(anonymous_1)
FN:16,(anonymous_2)
FN:20,(anonymous_3)
FN:36,(anonymous_4)
FN:46,(anonymous_5)
FNF:6
FNH:3
FNDA:5,(anonymous_0)
FNDA:0,(anonymous_1)
FNDA:0,(anonymous_2)
FNDA:0,(anonymous_3)
FNDA:1,(anonymous_4)
FNDA:1,(anonymous_5)
DA:3,1
DA:4,5
DA:5,5
DA:6,5
DA:7,5
DA:9,5
DA:10,0
DA:11,0
DA:12,0
DA:15,0
DA:17,0
DA:21,0
DA:22,0
DA:26,5
DA:36,1
DA:46,1
LF:16
LH:9
BRDA:51,0,0,0
BRDA:51,0,1,5
BRDA:53,1,0,5
BRDA:53,1,1,0
BRF:4
BRH:2
end_of_record
